<?xml version="1.0" encoding="UTF-8"?>
<!-- Generated by org.testng.reporters.JUnitXMLReporter -->
<testsuite ignored="0" hostname="DESKTOP-LGS63QL" failures="0" tests="6" name="BankingApp Test" time="45.019" errors="0" timestamp="2022-03-17T19:26:31 IST">
  <testcase classname="com.inetBanking.testCases.TC_LoginTest_001" name="loginTest" time="2.743"/>
  <testcase classname="com.inetBanking.testCases.TC_LoginDDT_002" name="loginDDT" time="11.086"/>
  <testcase classname="com.inetBanking.testCases.TC_LoginDDT_002" name="loginDDT" time="0.435"/>
  <testcase classname="com.inetBanking.testCases.TC_LoginDDT_002" name="loginDDT" time="10.523"/>
  <testcase classname="com.inetBanking.testCases.TC_AddProductsTest_003" name="addProductsToCart" time="2.781"/>
  <testcase classname="com.inetBanking.testCases.TC_LoginTest_004" name="loginTest" time="2.628"/>
</testsuite> <!-- BankingApp Test -->
