<?xml version="1.0" encoding="UTF-8"?>
<testng-results ignored="0" total="6" passed="6" failed="0" skipped="0">
  <reporter-output>
  </reporter-output>
  <suite started-at="2022-03-17T19:34:39 IST" name="InetBankingSuite" finished-at="2022-03-17T19:35:23 IST" duration-ms="44272">
    <groups>
    </groups>
    <test started-at="2022-03-17T19:34:39 IST" name="BankingApp Test" finished-at="2022-03-17T19:35:23 IST" duration-ms="44272">
      <class name="com.inetBanking.testCases.TC_LoginTest_004">
        <test-method is-config="true" signature="setUp(java.lang.String)[pri:0, instance:com.inetBanking.testCases.TC_LoginTest_004@72f926e6]" started-at="2022-03-17T19:35:18 IST" name="setUp" finished-at="2022-03-17T19:35:19 IST" duration-ms="1623" status="PASS">
          <params>
            <param index="0">
              <value>
                <![CDATA[chrome]]>
              </value>
            </param>
          </params>
          <reporter-output>
          </reporter-output>
        </test-method> <!-- setUp -->
        <test-method signature="loginTest()[pri:0, instance:com.inetBanking.testCases.TC_LoginTest_004@72f926e6]" started-at="2022-03-17T19:35:19 IST" name="loginTest" finished-at="2022-03-17T19:35:22 IST" duration-ms="2680" status="PASS">
          <reporter-output>
          </reporter-output>
        </test-method> <!-- loginTest -->
        <test-method is-config="true" signature="tearDown()[pri:0, instance:com.inetBanking.testCases.TC_LoginTest_004@72f926e6]" started-at="2022-03-17T19:35:22 IST" name="tearDown" finished-at="2022-03-17T19:35:23 IST" duration-ms="728" status="PASS">
          <reporter-output>
          </reporter-output>
        </test-method> <!-- tearDown -->
      </class> <!-- com.inetBanking.testCases.TC_LoginTest_004 -->
      <class name="com.inetBanking.testCases.TC_LoginTest_001">
        <test-method is-config="true" signature="setUp(java.lang.String)[pri:0, instance:com.inetBanking.testCases.TC_LoginTest_001@4ac3c60d]" started-at="2022-03-17T19:34:39 IST" name="setUp" finished-at="2022-03-17T19:34:43 IST" duration-ms="4228" status="PASS">
          <params>
            <param index="0">
              <value>
                <![CDATA[chrome]]>
              </value>
            </param>
          </params>
          <reporter-output>
          </reporter-output>
        </test-method> <!-- setUp -->
        <test-method signature="loginTest()[pri:0, instance:com.inetBanking.testCases.TC_LoginTest_001@4ac3c60d]" started-at="2022-03-17T19:34:43 IST" name="loginTest" finished-at="2022-03-17T19:34:46 IST" duration-ms="2715" status="PASS">
          <reporter-output>
          </reporter-output>
        </test-method> <!-- loginTest -->
        <test-method is-config="true" signature="tearDown()[pri:0, instance:com.inetBanking.testCases.TC_LoginTest_001@4ac3c60d]" started-at="2022-03-17T19:34:46 IST" name="tearDown" finished-at="2022-03-17T19:34:47 IST" duration-ms="833" status="PASS">
          <reporter-output>
          </reporter-output>
        </test-method> <!-- tearDown -->
      </class> <!-- com.inetBanking.testCases.TC_LoginTest_001 -->
      <class name="com.inetBanking.testCases.TC_AddProductsTest_003">
        <test-method is-config="true" signature="setUp(java.lang.String)[pri:0, instance:com.inetBanking.testCases.TC_AddProductsTest_003@39529185]" started-at="2022-03-17T19:35:12 IST" name="setUp" finished-at="2022-03-17T19:35:14 IST" duration-ms="1845" status="PASS">
          <params>
            <param index="0">
              <value>
                <![CDATA[chrome]]>
              </value>
            </param>
          </params>
          <reporter-output>
          </reporter-output>
        </test-method> <!-- setUp -->
        <test-method signature="addProductsToCart()[pri:0, instance:com.inetBanking.testCases.TC_AddProductsTest_003@39529185]" started-at="2022-03-17T19:35:14 IST" name="addProductsToCart" finished-at="2022-03-17T19:35:17 IST" duration-ms="2734" status="PASS">
          <reporter-output>
          </reporter-output>
        </test-method> <!-- addProductsToCart -->
        <test-method is-config="true" signature="tearDown()[pri:0, instance:com.inetBanking.testCases.TC_AddProductsTest_003@39529185]" started-at="2022-03-17T19:35:17 IST" name="tearDown" finished-at="2022-03-17T19:35:18 IST" duration-ms="757" status="PASS">
          <reporter-output>
          </reporter-output>
        </test-method> <!-- tearDown -->
      </class> <!-- com.inetBanking.testCases.TC_AddProductsTest_003 -->
      <class name="com.inetBanking.testCases.TC_LoginDDT_002">
        <test-method is-config="true" signature="setUp(java.lang.String)[pri:0, instance:com.inetBanking.testCases.TC_LoginDDT_002@2145b572]" started-at="2022-03-17T19:34:47 IST" name="setUp" finished-at="2022-03-17T19:34:49 IST" duration-ms="1991" status="PASS">
          <params>
            <param index="0">
              <value>
                <![CDATA[chrome]]>
              </value>
            </param>
          </params>
          <reporter-output>
          </reporter-output>
        </test-method> <!-- setUp -->
        <test-method signature="loginDDT(java.lang.String,java.lang.String)[pri:0, instance:com.inetBanking.testCases.TC_LoginDDT_002@2145b572]" started-at="2022-03-17T19:34:50 IST" name="loginDDT" data-provider="LoginData" finished-at="2022-03-17T19:35:01 IST" duration-ms="10838" status="PASS">
          <params>
            <param index="0">
              <value>
                <![CDATA[standard_user]]>
              </value>
            </param>
            <param index="1">
              <value>
                <![CDATA[secret_sauce]]>
              </value>
            </param>
          </params>
          <reporter-output>
          </reporter-output>
        </test-method> <!-- loginDDT -->
        <test-method signature="loginDDT(java.lang.String,java.lang.String)[pri:0, instance:com.inetBanking.testCases.TC_LoginDDT_002@2145b572]" started-at="2022-03-17T19:35:01 IST" name="loginDDT" data-provider="LoginData" finished-at="2022-03-17T19:35:01 IST" duration-ms="461" status="PASS">
          <params>
            <param index="0">
              <value>
                <![CDATA[value]]>
              </value>
            </param>
            <param index="1">
              <value>
                <![CDATA[momentum]]>
              </value>
            </param>
          </params>
          <reporter-output>
          </reporter-output>
        </test-method> <!-- loginDDT -->
        <test-method signature="loginDDT(java.lang.String,java.lang.String)[pri:0, instance:com.inetBanking.testCases.TC_LoginDDT_002@2145b572]" started-at="2022-03-17T19:35:01 IST" name="loginDDT" data-provider="LoginData" finished-at="2022-03-17T19:35:12 IST" duration-ms="10589" status="PASS">
          <params>
            <param index="0">
              <value>
                <![CDATA[standard_user]]>
              </value>
            </param>
            <param index="1">
              <value>
                <![CDATA[secret_sauce]]>
              </value>
            </param>
          </params>
          <reporter-output>
          </reporter-output>
        </test-method> <!-- loginDDT -->
        <test-method is-config="true" signature="tearDown()[pri:0, instance:com.inetBanking.testCases.TC_LoginDDT_002@2145b572]" started-at="2022-03-17T19:35:12 IST" name="tearDown" finished-at="2022-03-17T19:35:12 IST" duration-ms="791" status="PASS">
          <reporter-output>
          </reporter-output>
        </test-method> <!-- tearDown -->
      </class> <!-- com.inetBanking.testCases.TC_LoginDDT_002 -->
    </test> <!-- BankingApp Test -->
  </suite> <!-- InetBankingSuite -->
</testng-results>
