<?xml version="1.0" encoding="UTF-8"?>
<!-- Generated by org.testng.reporters.JUnitXMLReporter -->
<testsuite ignored="0" hostname="DESKTOP-LGS63QL" failures="0" tests="6" name="BankingApp Test" time="44.272" errors="0" timestamp="2022-03-17T19:35:23 IST">
  <testcase classname="com.inetBanking.testCases.TC_LoginTest_001" name="loginTest" time="2.715"/>
  <testcase classname="com.inetBanking.testCases.TC_LoginDDT_002" name="loginDDT" time="10.838"/>
  <testcase classname="com.inetBanking.testCases.TC_LoginDDT_002" name="loginDDT" time="0.461"/>
  <testcase classname="com.inetBanking.testCases.TC_LoginDDT_002" name="loginDDT" time="10.589"/>
  <testcase classname="com.inetBanking.testCases.TC_AddProductsTest_003" name="addProductsToCart" time="2.734"/>
  <testcase classname="com.inetBanking.testCases.TC_LoginTest_004" name="loginTest" time="2.68"/>
</testsuite> <!-- BankingApp Test -->
