<?xml version="1.0" encoding="UTF-8"?>
<!-- Generated by org.testng.reporters.JUnitXMLReporter -->
<testsuite hostname="DESKTOP-7S2DINN" ignored="0" name="BankingApp Test" tests="4" failures="0" timestamp="2022-01-14T12:59:27 IST" time="32.099" errors="0">
  <testcase name="loginDDT" time="10.927" classname="com.inetBanking.testCases.TC_LoginDDT_002"/>
  <testcase name="loginDDT" time="0.431" classname="com.inetBanking.testCases.TC_LoginDDT_002"/>
  <testcase name="loginDDT" time="10.613" classname="com.inetBanking.testCases.TC_LoginDDT_002"/>
  <testcase name="addProductsToCart" time="2.789" classname="com.inetBanking.testCases.TC_AddProductsTest_003"/>
</testsuite> <!-- BankingApp Test -->
